Started GET "/" for 127.0.0.1 at 2022-10-06 11:00:39 +0100
  [1m[36mActiveRecord::SchemaMigration Pluck (2.5ms)[0m  [1m[34mSELECT "schema_migrations"."version" FROM "schema_migrations" ORDER BY "schema_migrations"."version" ASC[0m
Processing by PublicRecipesController#index as HTML
Completed 401 Unauthorized in 41ms (ActiveRecord: 0.0ms | Allocations: 3403)


Started GET "/users/sign_in" for 127.0.0.1 at 2022-10-06 11:00:40 +0100
Processing by Devise::SessionsController#new as HTML
  Rendering layout layouts/application.html.erb
  Rendering devise/sessions/new.html.erb within layouts/application
  Rendered devise/shared/_links.html.erb (Duration: 2.9ms | Allocations: 850)
  Rendered devise/sessions/new.html.erb within layouts/application (Duration: 39.5ms | Allocations: 4497)
  Rendered shared/_navbar.html.erb (Duration: 1.7ms | Allocations: 573)
  Rendered layout layouts/application.html.erb (Duration: 204.0ms | Allocations: 42048)
Completed 200 OK in 304ms (Views: 261.9ms | ActiveRecord: 7.1ms | Allocations: 55107)


Started POST "/users/sign_in" for 127.0.0.1 at 2022-10-06 11:00:50 +0100
Processing by Devise::SessionsController#create as TURBO_STREAM
  Parameters: {"authenticity_token"=>"[FILTERED]", "user"=>{"email"=>"olapetanwale@yahoo.com", "password"=>"[FILTERED]", "remember_me"=>"0"}, "commit"=>"Log in"}
  [1m[36mUser Load (1.1ms)[0m  [1m[34mSELECT "users".* FROM "users" WHERE "users"."email" = $1 ORDER BY "users"."id" ASC LIMIT $2[0m  [["email", "olapetanwale@yahoo.com"], ["LIMIT", 1]]
Redirected to http://127.0.0.1:3000/
Completed 302 Found in 296ms (ActiveRecord: 1.5ms | Allocations: 5924)


Started GET "/" for 127.0.0.1 at 2022-10-06 11:00:50 +0100
Processing by PublicRecipesController#index as TURBO_STREAM
  [1m[36mUser Load (0.4ms)[0m  [1m[34mSELECT "users".* FROM "users" WHERE "users"."id" = $1 ORDER BY "users"."id" ASC LIMIT $2[0m  [["id", 2], ["LIMIT", 1]]
  Rendering layout layouts/application.html.erb
  Rendering public_recipes/index.html.erb within layouts/application
  [1m[36mRecipe Load (2.2ms)[0m  [1m[34mSELECT "recipes".* FROM "recipes" WHERE "recipes"."public" = $1 ORDER BY created_at ASC[0m  [["public", true]]
  ↳ app/views/public_recipes/index.html.erb:3:in `each_with_index'
  Rendered public_recipes/index.html.erb within layouts/application (Duration: 22.8ms | Allocations: 5966)
  Rendered shared/_navbar.html.erb (Duration: 0.5ms | Allocations: 424)
  Rendered layout layouts/application.html.erb (Duration: 34.4ms | Allocations: 8991)
Completed 200 OK in 69ms (Views: 37.2ms | ActiveRecord: 6.4ms | Allocations: 13713)


Started GET "/users/2/recipes/new" for 127.0.0.1 at 2022-10-06 11:00:54 +0100
Processing by RecipesController#new as HTML
  Parameters: {"user_id"=>"2"}
  [1m[36mUser Load (0.5ms)[0m  [1m[34mSELECT "users".* FROM "users" WHERE "users"."id" = $1 ORDER BY "users"."id" ASC LIMIT $2[0m  [["id", 2], ["LIMIT", 1]]
  [1m[36mUser Load (0.5ms)[0m  [1m[34mSELECT "users".* FROM "users" WHERE "users"."id" = $1 LIMIT $2[0m  [["id", 2], ["LIMIT", 1]]
  ↳ app/controllers/recipes_controller.rb:12:in `new'
  Rendering layout layouts/application.html.erb
  Rendering recipes/new.html.erb within layouts/application
  Rendered recipes/new.html.erb within layouts/application (Duration: 7.2ms | Allocations: 1811)
  Rendered shared/_navbar.html.erb (Duration: 0.6ms | Allocations: 435)
  Rendered layout layouts/application.html.erb (Duration: 20.9ms | Allocations: 4809)
Completed 200 OK in 46ms (Views: 29.9ms | ActiveRecord: 1.0ms | Allocations: 8434)


Started GET "/users/2/recipes" for 127.0.0.1 at 2022-10-06 11:00:55 +0100
Processing by RecipesController#index as HTML
  Parameters: {"user_id"=>"2"}
  [1m[36mUser Load (0.5ms)[0m  [1m[34mSELECT "users".* FROM "users" WHERE "users"."id" = $1 ORDER BY "users"."id" ASC LIMIT $2[0m  [["id", 2], ["LIMIT", 1]]
  Rendering layout layouts/application.html.erb
  Rendering recipes/index.html.erb within layouts/application
  [1m[36mRecipe Load (0.7ms)[0m  [1m[34mSELECT "recipes".* FROM "recipes" ORDER BY created_at ASC[0m
  ↳ app/views/recipes/index.html.erb:3:in `each_with_index'
  Rendered recipes/index.html.erb within layouts/application (Duration: 15.1ms | Allocations: 3459)
  Rendered shared/_navbar.html.erb (Duration: 0.5ms | Allocations: 400)
  Rendered layout layouts/application.html.erb (Duration: 26.1ms | Allocations: 6348)
Completed 200 OK in 37ms (Views: 27.2ms | ActiveRecord: 1.2ms | Allocations: 8421)


Started GET "/users/2/recipes/9" for 127.0.0.1 at 2022-10-06 11:01:35 +0100
Processing by RecipesController#show as HTML
  Parameters: {"user_id"=>"2", "id"=>"9"}
  [1m[36mUser Load (0.4ms)[0m  [1m[34mSELECT "users".* FROM "users" WHERE "users"."id" = $1 ORDER BY "users"."id" ASC LIMIT $2[0m  [["id", 2], ["LIMIT", 1]]
  [1m[36mRecipe Load (0.4ms)[0m  [1m[34mSELECT "recipes".* FROM "recipes" WHERE "recipes"."id" = $1 LIMIT $2[0m  [["id", 9], ["LIMIT", 1]]
  ↳ app/controllers/recipes_controller.rb:8:in `show'
  Rendering layout layouts/application.html.erb
  Rendering recipes/show.html.erb within layouts/application
  Rendered recipes/show.html.erb within layouts/application (Duration: 2.9ms | Allocations: 1082)
  Rendered shared/_navbar.html.erb (Duration: 0.5ms | Allocations: 397)
  Rendered layout layouts/application.html.erb (Duration: 14.6ms | Allocations: 3821)
Completed 200 OK in 30ms (Views: 16.2ms | ActiveRecord: 0.9ms | Allocations: 6942)


Started GET "/users/2/recipes" for 127.0.0.1 at 2022-10-06 11:01:39 +0100
Processing by RecipesController#index as HTML
  Parameters: {"user_id"=>"2"}
  [1m[36mUser Load (0.7ms)[0m  [1m[34mSELECT "users".* FROM "users" WHERE "users"."id" = $1 ORDER BY "users"."id" ASC LIMIT $2[0m  [["id", 2], ["LIMIT", 1]]
  Rendering layout layouts/application.html.erb
  Rendering recipes/index.html.erb within layouts/application
  [1m[36mRecipe Load (0.6ms)[0m  [1m[34mSELECT "recipes".* FROM "recipes" ORDER BY created_at ASC[0m
  ↳ app/views/recipes/index.html.erb:3:in `each_with_index'
  Rendered recipes/index.html.erb within layouts/application (Duration: 6.2ms | Allocations: 2620)
  Rendered shared/_navbar.html.erb (Duration: 0.5ms | Allocations: 397)
  Rendered layout layouts/application.html.erb (Duration: 19.9ms | Allocations: 5366)
Completed 200 OK in 30ms (Views: 20.7ms | ActiveRecord: 1.4ms | Allocations: 7137)


Started GET "/users/2/recipes/8" for 127.0.0.1 at 2022-10-06 11:01:40 +0100
Processing by RecipesController#show as HTML
  Parameters: {"user_id"=>"2", "id"=>"8"}
  [1m[36mUser Load (0.5ms)[0m  [1m[34mSELECT "users".* FROM "users" WHERE "users"."id" = $1 ORDER BY "users"."id" ASC LIMIT $2[0m  [["id", 2], ["LIMIT", 1]]
  [1m[36mRecipe Load (0.6ms)[0m  [1m[34mSELECT "recipes".* FROM "recipes" WHERE "recipes"."id" = $1 LIMIT $2[0m  [["id", 8], ["LIMIT", 1]]
  ↳ app/controllers/recipes_controller.rb:8:in `show'
  Rendering layout layouts/application.html.erb
  Rendering recipes/show.html.erb within layouts/application
  Rendered recipes/show.html.erb within layouts/application (Duration: 1.4ms | Allocations: 635)
  Rendered shared/_navbar.html.erb (Duration: 1.0ms | Allocations: 397)
  Rendered layout layouts/application.html.erb (Duration: 13.5ms | Allocations: 3372)
Completed 200 OK in 27ms (Views: 15.3ms | ActiveRecord: 1.1ms | Allocations: 5595)


Started GET "/users/2/recipes" for 127.0.0.1 at 2022-10-06 11:01:43 +0100
Processing by RecipesController#index as HTML
  Parameters: {"user_id"=>"2"}
  [1m[36mUser Load (0.4ms)[0m  [1m[34mSELECT "users".* FROM "users" WHERE "users"."id" = $1 ORDER BY "users"."id" ASC LIMIT $2[0m  [["id", 2], ["LIMIT", 1]]
  Rendering layout layouts/application.html.erb
  Rendering recipes/index.html.erb within layouts/application
  [1m[36mRecipe Load (0.5ms)[0m  [1m[34mSELECT "recipes".* FROM "recipes" ORDER BY created_at ASC[0m
  ↳ app/views/recipes/index.html.erb:3:in `each_with_index'
  Rendered recipes/index.html.erb within layouts/application (Duration: 5.6ms | Allocations: 2618)
  Rendered shared/_navbar.html.erb (Duration: 0.5ms | Allocations: 397)
  Rendered layout layouts/application.html.erb (Duration: 19.0ms | Allocations: 5363)
Completed 200 OK in 29ms (Views: 20.1ms | ActiveRecord: 1.0ms | Allocations: 7102)


Started GET "/users/2/recipes/6" for 127.0.0.1 at 2022-10-06 11:01:44 +0100
Processing by RecipesController#show as HTML
  Parameters: {"user_id"=>"2", "id"=>"6"}
  [1m[36mUser Load (0.3ms)[0m  [1m[34mSELECT "users".* FROM "users" WHERE "users"."id" = $1 ORDER BY "users"."id" ASC LIMIT $2[0m  [["id", 2], ["LIMIT", 1]]
  [1m[36mRecipe Load (0.6ms)[0m  [1m[34mSELECT "recipes".* FROM "recipes" WHERE "recipes"."id" = $1 LIMIT $2[0m  [["id", 6], ["LIMIT", 1]]
  ↳ app/controllers/recipes_controller.rb:8:in `show'
  Rendering layout layouts/application.html.erb
  Rendering recipes/show.html.erb within layouts/application
  Rendered recipes/show.html.erb within layouts/application (Duration: 1.4ms | Allocations: 629)
  Rendered shared/_navbar.html.erb (Duration: 0.6ms | Allocations: 397)
  Rendered layout layouts/application.html.erb (Duration: 11.6ms | Allocations: 3366)
Completed 200 OK in 23ms (Views: 13.4ms | ActiveRecord: 0.9ms | Allocations: 5601)


Started GET "/users/2/recipes" for 127.0.0.1 at 2022-10-06 11:01:48 +0100
Processing by RecipesController#index as HTML
  Parameters: {"user_id"=>"2"}
  [1m[36mUser Load (0.3ms)[0m  [1m[34mSELECT "users".* FROM "users" WHERE "users"."id" = $1 ORDER BY "users"."id" ASC LIMIT $2[0m  [["id", 2], ["LIMIT", 1]]
  Rendering layout layouts/application.html.erb
  Rendering recipes/index.html.erb within layouts/application
  [1m[36mRecipe Load (0.5ms)[0m  [1m[34mSELECT "recipes".* FROM "recipes" ORDER BY created_at ASC[0m
  ↳ app/views/recipes/index.html.erb:3:in `each_with_index'
  Rendered recipes/index.html.erb within layouts/application (Duration: 5.3ms | Allocations: 2614)
  Rendered shared/_navbar.html.erb (Duration: 1.1ms | Allocations: 397)
  Rendered layout layouts/application.html.erb (Duration: 16.6ms | Allocations: 5359)
Completed 200 OK in 26ms (Views: 17.5ms | ActiveRecord: 0.8ms | Allocations: 7098)


